2025-12-07 11:36:14 - INFO - Initializing LiveStrategyEngine for INE053F01010 (NSE_EQ|INE053F01010)...
2025-12-07 11:36:15 - INFO - [INE053F01010] Historical data preview:
2025-12-07 11:36:15 - INFO - [INE053F01010]               timestamp    open    high     low   close  volume
748 2025-12-05 15:28:00  114.85  114.85  114.68  114.78   24308
749 2025-12-05 15:29:00  114.77  114.80  114.68  114.80   21127
750 2025-12-05 20:19:00  113.80  113.99  113.80  113.90    4138
2025-12-07 11:36:15 - INFO - Skipping weekend: 2025-12-06
2025-12-07 11:36:15 - INFO - Fetching candles for 2025-12-05...
2025-12-07 11:36:16 - INFO - ✓ Fetched 375 candles for 2025-12-05 (Trading day 1/2)
2025-12-07 11:36:16 - INFO - Fetching candles for 2025-12-04...
2025-12-07 11:36:17 - INFO - ✓ Fetched 375 candles for 2025-12-04 (Trading day 2/2)
2025-12-07 11:36:17 - INFO - Fetching todays candles...
2025-12-07 11:36:18 - WARNING - ✗ No candles found for today (2025-12-07)
2025-12-07 11:36:18 - INFO - ✓ Total 750 candles stored in database
2025-12-07 11:36:18 - INFO - [INE053F01010] Loaded 751 historical candles from database
2025-12-07 11:36:18 - INFO - Tracking 1 stocks: ['NSE_EQ|INE053F01010']
2025-12-07 11:36:18 - INFO - Waiting for next minute to start streamer...
2025-12-07 11:36:18 - INFO - Sleeping until next minute: 44.32 seconds...
2025-12-07 11:37:03 - INFO - Streaming... Press CTRL+C to stop
2025-12-07 11:37:10 - INFO - Stopping program...
2025-12-07 11:39:35 - INFO - Initializing LiveStrategyEngine for INE053F01010 (NSE_EQ|INE053F01010)...
2025-12-07 11:39:35 - INFO - Database initialized: D:\study\codes\projects\stock_advanced_bot\market_data.db
2025-12-07 11:39:35 - INFO - Cleaned up 375 old candles (before 2025-12-05)
2025-12-07 11:39:35 - INFO - [INE053F01010] Historical data preview:
2025-12-07 11:39:35 - INFO - [INE053F01010]               timestamp    open    high     low   close  volume
748 2025-12-05 15:28:00  114.85  114.85  114.68  114.78   24308
749 2025-12-05 15:29:00  114.77  114.80  114.68  114.80   21127
750 2025-12-05 20:19:00  113.80  113.99  113.80  113.90    4138
2025-12-07 11:39:35 - INFO - Database initialized: D:\study\codes\projects\stock_advanced_bot\market_data.db
2025-12-07 11:39:35 - INFO - Skipping weekend: 2025-12-06
2025-12-07 11:39:35 - INFO - Fetching candles for 2025-12-05...
2025-12-07 11:39:37 - INFO - ✓ Fetched 375 candles for 2025-12-05 (Trading day 1/2)
2025-12-07 11:39:37 - INFO - Fetching candles for 2025-12-04...
2025-12-07 11:39:59 - INFO - ✓ Fetched 375 candles for 2025-12-04 (Trading day 2/2)
2025-12-07 11:39:59 - INFO - Fetching todays candles...
2025-12-07 11:40:21 - WARNING - ✗ No candles found for today (2025-12-07)
2025-12-07 11:40:21 - INFO - Inserted 750 candles
2025-12-07 11:40:21 - INFO - ✓ Total 750 candles stored in database
2025-12-07 11:40:21 - INFO - Database connection closed
2025-12-07 11:40:21 - INFO - [INE053F01010] Loaded 751 historical candles from database
2025-12-07 11:40:21 - INFO - Tracking 1 stocks: ['NSE_EQ|INE053F01010']
2025-12-07 11:40:21 - INFO - Waiting for next minute to start streamer...
2025-12-07 11:40:21 - INFO - Sleeping until next minute: 41.37 seconds...
2025-12-07 11:41:03 - INFO - Streaming... Press CTRL+C to stop
2025-12-07 11:41:44 - INFO - Stopping program...
